<?xml version="1.0" encoding="UTF-8"?>
<testsuite xmlns:xsi="http://www.w3.org/2001/XMLSchema-instance" xsi:noNamespaceSchemaLocation="https://maven.apache.org/surefire/maven-surefire-plugin/xsd/surefire-test-report.xsd" name="Trylma.BoardDrawingTest" time="0" tests="3" errors="0" skipped="0" failures="0">
  <properties>
    <property name="sun.desktop" value="gnome"/>
    <property name="awt.toolkit" value="sun.awt.X11.XToolkit"/>
    <property name="java.specification.version" value="11"/>
    <property name="sun.cpu.isalist" value=""/>
    <property name="sun.jnu.encoding" value="UTF-8"/>
    <property name="java.class.path" value="/home/kacper/git/TP_L4/Trylma/target/test-classes:/home/kacper/git/TP_L4/Trylma/target/classes:/home/kacper/.m2/repository/junit/junit/4.11/junit-4.11.jar:/home/kacper/.m2/repository/org/hamcrest/hamcrest-core/1.3/hamcrest-core-1.3.jar:/home/kacper/.m2/repository/org/mockito/mockito-junit-jupiter/3.6.0/mockito-junit-jupiter-3.6.0.jar:/home/kacper/.m2/repository/org/mockito/mockito-core/3.6.0/mockito-core-3.6.0.jar:/home/kacper/.m2/repository/net/bytebuddy/byte-buddy/1.10.15/byte-buddy-1.10.15.jar:/home/kacper/.m2/repository/net/bytebuddy/byte-buddy-agent/1.10.15/byte-buddy-agent-1.10.15.jar:/home/kacper/.m2/repository/org/objenesis/objenesis/3.1/objenesis-3.1.jar:/home/kacper/.m2/repository/org/junit/jupiter/junit-jupiter-api/5.4.2/junit-jupiter-api-5.4.2.jar:/home/kacper/.m2/repository/org/apiguardian/apiguardian-api/1.0.0/apiguardian-api-1.0.0.jar:/home/kacper/.m2/repository/org/opentest4j/opentest4j/1.1.1/opentest4j-1.1.1.jar:/home/kacper/.m2/repository/org/junit/platform/junit-platform-commons/1.4.2/junit-platform-commons-1.4.2.jar:/home/kacper/.m2/repository/org/mockito/mockito-scala-specs2_2.11/1.16.3/mockito-scala-specs2_2.11-1.16.3.jar:/home/kacper/.m2/repository/org/scala-lang/scala-library/2.11.12/scala-library-2.11.12.jar:/home/kacper/.m2/repository/org/mockito/mockito-scala_2.11/1.16.3/mockito-scala_2.11-1.16.3.jar:/home/kacper/.m2/repository/org/scalactic/scalactic_2.11/3.2.3/scalactic_2.11-3.2.3.jar:/home/kacper/.m2/repository/ru/vyarus/generics-resolver/3.0.3/generics-resolver-3.0.3.jar:/home/kacper/.m2/repository/org/scala-lang/scala-reflect/2.11.12/scala-reflect-2.11.12.jar:"/>
    <property name="java.vm.vendor" value="Ubuntu"/>
    <property name="sun.arch.data.model" value="64"/>
    <property name="java.vendor.url" value="https://ubuntu.com/"/>
    <property name="user.timezone" value=""/>
    <property name="java.vm.specification.version" value="11"/>
    <property name="os.name" value="Linux"/>
    <property name="sun.java.launcher" value="SUN_STANDARD"/>
    <property name="user.country" value="PL"/>
    <property name="sun.boot.library.path" value="/usr/lib/jvm/java-11-openjdk-amd64/lib"/>
    <property name="sun.java.command" value="/home/kacper/git/TP_L4/Trylma/target/surefire/surefirebooter12937508528406356591.jar /home/kacper/git/TP_L4/Trylma/target/surefire 2021-01-07T11-44-35_129-jvmRun1 surefire64801248131915462tmp surefire_06749456771850813675tmp"/>
    <property name="jdk.debug" value="release"/>
    <property name="surefire.test.class.path" value="/home/kacper/git/TP_L4/Trylma/target/test-classes:/home/kacper/git/TP_L4/Trylma/target/classes:/home/kacper/.m2/repository/junit/junit/4.11/junit-4.11.jar:/home/kacper/.m2/repository/org/hamcrest/hamcrest-core/1.3/hamcrest-core-1.3.jar:/home/kacper/.m2/repository/org/mockito/mockito-junit-jupiter/3.6.0/mockito-junit-jupiter-3.6.0.jar:/home/kacper/.m2/repository/org/mockito/mockito-core/3.6.0/mockito-core-3.6.0.jar:/home/kacper/.m2/repository/net/bytebuddy/byte-buddy/1.10.15/byte-buddy-1.10.15.jar:/home/kacper/.m2/repository/net/bytebuddy/byte-buddy-agent/1.10.15/byte-buddy-agent-1.10.15.jar:/home/kacper/.m2/repository/org/objenesis/objenesis/3.1/objenesis-3.1.jar:/home/kacper/.m2/repository/org/junit/jupiter/junit-jupiter-api/5.4.2/junit-jupiter-api-5.4.2.jar:/home/kacper/.m2/repository/org/apiguardian/apiguardian-api/1.0.0/apiguardian-api-1.0.0.jar:/home/kacper/.m2/repository/org/opentest4j/opentest4j/1.1.1/opentest4j-1.1.1.jar:/home/kacper/.m2/repository/org/junit/platform/junit-platform-commons/1.4.2/junit-platform-commons-1.4.2.jar:/home/kacper/.m2/repository/org/mockito/mockito-scala-specs2_2.11/1.16.3/mockito-scala-specs2_2.11-1.16.3.jar:/home/kacper/.m2/repository/org/scala-lang/scala-library/2.11.12/scala-library-2.11.12.jar:/home/kacper/.m2/repository/org/mockito/mockito-scala_2.11/1.16.3/mockito-scala_2.11-1.16.3.jar:/home/kacper/.m2/repository/org/scalactic/scalactic_2.11/3.2.3/scalactic_2.11-3.2.3.jar:/home/kacper/.m2/repository/ru/vyarus/generics-resolver/3.0.3/generics-resolver-3.0.3.jar:/home/kacper/.m2/repository/org/scala-lang/scala-reflect/2.11.12/scala-reflect-2.11.12.jar:"/>
    <property name="sun.cpu.endian" value="little"/>
    <property name="user.home" value="/home/kacper"/>
    <property name="user.language" value="pl"/>
    <property name="java.specification.vendor" value="Oracle Corporation"/>
    <property name="java.version.date" value="2020-11-04"/>
    <property name="java.home" value="/usr/lib/jvm/java-11-openjdk-amd64"/>
    <property name="file.separator" value="/"/>
    <property name="basedir" value="/home/kacper/git/TP_L4/Trylma"/>
    <property name="java.vm.compressedOopsMode" value="Zero based"/>
    <property name="line.separator" value="&#10;"/>
    <property name="java.specification.name" value="Java Platform API Specification"/>
    <property name="java.vm.specification.vendor" value="Oracle Corporation"/>
    <property name="java.awt.graphicsenv" value="sun.awt.X11GraphicsEnvironment"/>
    <property name="surefire.real.class.path" value="/home/kacper/git/TP_L4/Trylma/target/surefire/surefirebooter12937508528406356591.jar"/>
    <property name="sun.management.compiler" value="HotSpot 64-Bit Tiered Compilers"/>
    <property name="java.runtime.version" value="11.0.9.1+1-Ubuntu-0ubuntu1.20.04"/>
    <property name="user.name" value="kacper"/>
    <property name="path.separator" value=":"/>
    <property name="os.version" value="5.4.0-58-generic"/>
    <property name="java.runtime.name" value="OpenJDK Runtime Environment"/>
    <property name="file.encoding" value="UTF-8"/>
    <property name="java.vm.name" value="OpenJDK 64-Bit Server VM"/>
    <property name="localRepository" value="/home/kacper/.m2/repository"/>
    <property name="java.vendor.url.bug" value="https://bugs.launchpad.net/ubuntu/+source/openjdk-lts"/>
    <property name="java.io.tmpdir" value="/tmp"/>
    <property name="java.version" value="11.0.9.1"/>
    <property name="user.dir" value="/home/kacper/git/TP_L4/Trylma"/>
    <property name="os.arch" value="amd64"/>
    <property name="java.vm.specification.name" value="Java Virtual Machine Specification"/>
    <property name="java.awt.printerjob" value="sun.print.PSPrinterJob"/>
    <property name="sun.os.patch.level" value="unknown"/>
    <property name="java.library.path" value="/usr/java/packages/lib:/usr/lib/x86_64-linux-gnu/jni:/lib/x86_64-linux-gnu:/usr/lib/x86_64-linux-gnu:/usr/lib/jni:/lib:/usr/lib"/>
    <property name="java.vm.info" value="mixed mode, sharing"/>
    <property name="java.vendor" value="Ubuntu"/>
    <property name="java.vm.version" value="11.0.9.1+1-Ubuntu-0ubuntu1.20.04"/>
    <property name="sun.io.unicode.encoding" value="UnicodeLittle"/>
    <property name="java.class.version" value="55.0"/>
  </properties>
  <testcase name="MyMoveTest" classname="Trylma.BoardDrawingTest" time="0"/>
  <testcase name="MySelectionTest" classname="Trylma.BoardDrawingTest" time="0"/>
  <testcase name="OpponentMoveTest" classname="Trylma.BoardDrawingTest" time="0"/>
</testsuite>